Build started 4/16/2017 14:55:31.
     1>Project "D:\KeyLogger\Server\Server.vcxproj" on node 2 (Build target(s)).
     1>ClCompile:
         C:\Program Files (x86)\Microsoft Visual Studio 14.0\VC\bin\CL.exe /c /Zi /nologo /W3 /WX- /O2 /Oi /Oy- /GL /D WIN32 /D NDEBUG /D _CONSOLE /D _UNICODE /D UNICODE /Gm- /EHsc /MD /GS /Gy /fp:precise /Zc:wchar_t /Zc:forScope /Zc:inline /Fo"Release\\" /Fd"Release\vc140.pdb" /Gd /TP /analyze- /errorReport:prompt ConsoleLogger.cpp Server.cpp ServerSocket.cpp
         ConsoleLogger.cpp
     1>ConsoleLogger.cpp(55): warning C4996: 'strcpy': This function or variable may be unsafe. Consider using strcpy_s instead. To disable deprecation, use _CRT_SECURE_NO_WARNINGS. See online help for details.
         C:\Program Files (x86)\Windows Kits\10\Include\10.0.10150.0\ucrt\string.h(119): note: see declaration of 'strcpy'
     1>ConsoleLogger.cpp(67): warning C4996: 'strcat': This function or variable may be unsafe. Consider using strcat_s instead. To disable deprecation, use _CRT_SECURE_NO_WARNINGS. See online help for details.
         C:\Program Files (x86)\Windows Kits\10\Include\10.0.10150.0\ucrt\string.h(90): note: see declaration of 'strcat'
     1>ConsoleLogger.cpp(63): warning C4996: 'sprintf': This function or variable may be unsafe. Consider using sprintf_s instead. To disable deprecation, use _CRT_SECURE_NO_WARNINGS. See online help for details.
         C:\Program Files (x86)\Windows Kits\10\Include\10.0.10150.0\ucrt\stdio.h(1769): note: see declaration of 'sprintf'
     1>ConsoleLogger.cpp(72): warning C4996: 'mbstowcs': This function or variable may be unsafe. Consider using mbstowcs_s instead. To disable deprecation, use _CRT_SECURE_NO_WARNINGS. See online help for details.
         C:\Program Files (x86)\Windows Kits\10\Include\10.0.10150.0\ucrt\stdlib.h(920): note: see declaration of 'mbstowcs'
     1>ConsoleLogger.cpp(102): warning C4996: 'sprintf': This function or variable may be unsafe. Consider using sprintf_s instead. To disable deprecation, use _CRT_SECURE_NO_WARNINGS. See online help for details.
         C:\Program Files (x86)\Windows Kits\10\Include\10.0.10150.0\ucrt\stdio.h(1769): note: see declaration of 'sprintf'
     1>ConsoleLogger.cpp(105): warning C4996: 'mbstowcs': This function or variable may be unsafe. Consider using mbstowcs_s instead. To disable deprecation, use _CRT_SECURE_NO_WARNINGS. See online help for details.
         C:\Program Files (x86)\Windows Kits\10\Include\10.0.10150.0\ucrt\stdlib.h(920): note: see declaration of 'mbstowcs'
     1>ConsoleLogger.cpp(111): warning C4996: 'getenv': This function or variable may be unsafe. Consider using _dupenv_s instead. To disable deprecation, use _CRT_SECURE_NO_WARNINGS. See online help for details.
         C:\Program Files (x86)\Windows Kits\10\Include\10.0.10150.0\ucrt\stdlib.h(1183): note: see declaration of 'getenv'
     1>ConsoleLogger.cpp(114): warning C4996: 'sprintf': This function or variable may be unsafe. Consider using sprintf_s instead. To disable deprecation, use _CRT_SECURE_NO_WARNINGS. See online help for details.
         C:\Program Files (x86)\Windows Kits\10\Include\10.0.10150.0\ucrt\stdio.h(1769): note: see declaration of 'sprintf'
     1>ConsoleLogger.cpp(150): warning C4996: 'sprintf': This function or variable may be unsafe. Consider using sprintf_s instead. To disable deprecation, use _CRT_SECURE_NO_WARNINGS. See online help for details.
         C:\Program Files (x86)\Windows Kits\10\Include\10.0.10150.0\ucrt\stdio.h(1769): note: see declaration of 'sprintf'
     1>ConsoleLogger.cpp(164): warning C4996: 'sprintf': This function or variable may be unsafe. Consider using sprintf_s instead. To disable deprecation, use _CRT_SECURE_NO_WARNINGS. See online help for details.
         C:\Program Files (x86)\Windows Kits\10\Include\10.0.10150.0\ucrt\stdio.h(1769): note: see declaration of 'sprintf'
     1>ConsoleLogger.cpp(240): warning C4996: '_vsnprintf': This function or variable may be unsafe. Consider using _vsnprintf_s instead. To disable deprecation, use _CRT_SECURE_NO_WARNINGS. See online help for details.
         C:\Program Files (x86)\Windows Kits\10\Include\10.0.10150.0\ucrt\stdio.h(1396): note: see declaration of '_vsnprintf'
     1>ConsoleLogger.cpp(431): warning C4996: '_vsnprintf': This function or variable may be unsafe. Consider using _vsnprintf_s instead. To disable deprecation, use _CRT_SECURE_NO_WARNINGS. See online help for details.
         C:\Program Files (x86)\Windows Kits\10\Include\10.0.10150.0\ucrt\stdio.h(1396): note: see declaration of '_vsnprintf'
     1>ConsoleLogger.cpp(460): warning C4996: '_vsnprintf': This function or variable may be unsafe. Consider using _vsnprintf_s instead. To disable deprecation, use _CRT_SECURE_NO_WARNINGS. See online help for details.
         C:\Program Files (x86)\Windows Kits\10\Include\10.0.10150.0\ucrt\stdio.h(1396): note: see declaration of '_vsnprintf'
         Server.cpp
     1>Server.cpp(52): warning C4244: '=': conversion from 'double' to 'LONG', possible loss of data
     1>Server.cpp(53): warning C4244: '=': conversion from 'double' to 'LONG', possible loss of data
         ServerSocket.cpp
       Link:
         C:\Program Files (x86)\Microsoft Visual Studio 14.0\VC\bin\link.exe /ERRORREPORT:PROMPT /OUT:"D:\KeyLogger\Release\Server.exe" /INCREMENTAL:NO /NOLOGO kernel32.lib user32.lib gdi32.lib winspool.lib comdlg32.lib advapi32.lib shell32.lib ole32.lib oleaut32.lib uuid.lib odbc32.lib odbccp32.lib C:\Users\Home\Desktop\Projects\KeyLogger\Server\Debug\ConsoleLogger kernel32.lib user32.lib gdi32.lib winspool.lib comdlg32.lib advapi32.lib shell32.lib ole32.lib oleaut32.lib uuid.lib odbc32.lib odbccp32.lib /MANIFEST /MANIFESTUAC:"level='asInvoker' uiAccess='false'" /manifest:embed /Debug /PDB:"D:\KeyLogger\Release\Server.pdb" /SUBSYSTEM:CONSOLE /OPT:REF /OPT:ICF /LTCG:incremental /TLBID:1 /DYNAMICBASE /NXCOMPAT /IMPLIB:"D:\KeyLogger\Release\Server.lib" /MACHINE:X86 /SAFESEH Release\ConsoleLogger.obj
         Release\Server.obj
         Release\ServerSocket.obj
     1>ConsoleLogger.obj : warning LNK4075: ignoring '/EDITANDCONTINUE' due to '/OPT:ICF' specification
     1>ConsoleLogger.obj : error LNK2005: "protected: virtual int __thiscall CConsoleLoggerEx::_cprint(int,char const *,int)" (?_cprint@CConsoleLoggerEx@@MAEHHPBDH@Z) already defined in ConsoleLogger.obj
     1>ConsoleLogger.obj : error LNK2005: "public: int __cdecl CConsoleLoggerEx::cprintf(char const *,...)" (?cprintf@CConsoleLoggerEx@@QAAHPBDZZ) already defined in ConsoleLogger.obj
     1>ConsoleLogger.obj : error LNK2005: "public: int __cdecl CConsoleLoggerEx::cprintf(int,char const *,...)" (?cprintf@CConsoleLoggerEx@@QAAHHPBDZZ) already defined in ConsoleLogger.obj
     1>ConsoleLogger.obj : error LNK2005: "public: void __thiscall CConsoleLoggerEx::gotoxy(int,int)" (?gotoxy@CConsoleLoggerEx@@QAEXHH@Z) already defined in ConsoleLogger.obj
     1>ConsoleLogger.obj : error LNK2005: "public: void __thiscall CConsoleLoggerEx::clear_eol(unsigned long)" (?clear_eol@CConsoleLoggerEx@@QAEXK@Z) already defined in ConsoleLogger.obj
     1>ConsoleLogger.obj : error LNK2005: "public: void __thiscall CConsoleLoggerEx::clear_eol(void)" (?clear_eol@CConsoleLoggerEx@@QAEXXZ) already defined in ConsoleLogger.obj
     1>ConsoleLogger.obj : error LNK2005: "public: void __thiscall CConsoleLoggerEx::cls(unsigned long)" (?cls@CConsoleLoggerEx@@QAEXK@Z) already defined in ConsoleLogger.obj
     1>ConsoleLogger.obj : error LNK2005: "public: void __thiscall CConsoleLoggerEx::cls(void)" (?cls@CConsoleLoggerEx@@QAEXXZ) already defined in ConsoleLogger.obj
     1>ConsoleLogger.obj : error LNK2005: "protected: virtual int __thiscall CConsoleLoggerEx::_print(char const *,int)" (?_print@CConsoleLoggerEx@@MAEHPBDH@Z) already defined in ConsoleLogger.obj
     1>ConsoleLogger.obj : error LNK2005: "public: __thiscall CConsoleLoggerEx::CConsoleLoggerEx(void)" (??0CConsoleLoggerEx@@QAE@XZ) already defined in ConsoleLogger.obj
     1>ConsoleLogger.obj : error LNK2005: "protected: virtual int __thiscall CConsoleLogger::_print(char const *,int)" (?_print@CConsoleLogger@@MAEHPBDH@Z) already defined in ConsoleLogger.obj
     1>ConsoleLogger.obj : error LNK2005: "public: static int __cdecl CConsoleLogger::ResetDefaultOutput(void)" (?ResetDefaultOutput@CConsoleLogger@@SAHXZ) already defined in ConsoleLogger.obj
     1>ConsoleLogger.obj : error LNK2005: "public: int __thiscall CConsoleLogger::SetAsDefaultOutput(void)" (?SetAsDefaultOutput@CConsoleLogger@@QAEHXZ) already defined in ConsoleLogger.obj
     1>ConsoleLogger.obj : error LNK2005: "public: int __cdecl CConsoleLogger::printf(char const *,...)" (?printf@CConsoleLogger@@QAAHPBDZZ) already defined in ConsoleLogger.obj
     1>ConsoleLogger.obj : error LNK2005: "public: long __thiscall CConsoleLogger::Close(void)" (?Close@CConsoleLogger@@QAEJXZ) already defined in ConsoleLogger.obj
     1>ConsoleLogger.obj : error LNK2005: "public: long __thiscall CConsoleLogger::Create(char const *,int,int,char const *,char const *)" (?Create@CConsoleLogger@@QAEJPBDHH00@Z) already defined in ConsoleLogger.obj
     1>ConsoleLogger.obj : error LNK2005: "public: virtual __thiscall CConsoleLogger::~CConsoleLogger(void)" (??1CConsoleLogger@@UAE@XZ) already defined in ConsoleLogger.obj
     1>ConsoleLogger.obj : error LNK2005: "public: __thiscall CConsoleLogger::CConsoleLogger(void)" (??0CConsoleLogger@@QAE@XZ) already defined in ConsoleLogger.obj
     1>LINK : warning LNK4098: defaultlib 'MSVCRT' conflicts with use of other libs; use /NODEFAULTLIB:library
     1>D:\KeyLogger\Release\Server.exe : fatal error LNK1169: one or more multiply defined symbols found
     1>Done Building Project "D:\KeyLogger\Server\Server.vcxproj" (Build target(s)) -- FAILED.

Build FAILED.

Time Elapsed 00:00:03.55
